This is pdfTeX, Version 3.14159265-2.6-1.40.19 (TeX Live 2018) (preloaded format=pdflatex 2019.2.5)  5 APR 2019 02:20
entering extended mode
 restricted \write18 enabled.
 file:line:error style messages enabled.
 %&-line parsing enabled.
**"/home/benjamin/Documents/University/Physics/Computer-Simulation/Orbital Motion - Checkpoint 5/Report/Solar.tex"
(/home/benjamin/Documents/University/Physics/Computer-Simulation/Orbital Motion - Checkpoint 5/Report/Solar.tex
LaTeX2e <2018-12-01>
(/usr/local/texlive/2018/texmf-dist/tex/latex/base/article.cls
Document Class: article 2018/09/03 v1.4i Standard LaTeX document class
(/usr/local/texlive/2018/texmf-dist/tex/latex/base/size10.clo
File: size10.clo 2018/09/03 v1.4i Standard LaTeX file (size option)
)
\c@part=\count80
\c@section=\count81
\c@subsection=\count82
\c@subsubsection=\count83
\c@paragraph=\count84
\c@subparagraph=\count85
\c@figure=\count86
\c@table=\count87
\abovecaptionskip=\skip41
\belowcaptionskip=\skip42
\bibindent=\dimen102
) (/usr/local/texlive/2018/texmf-dist/tex/latex/base/inputenc.sty
Package: inputenc 2018/08/11 v1.3c Input encoding file
\inpenc@prehook=\toks14
\inpenc@posthook=\toks15
) (/usr/local/texlive/2018/texmf-dist/tex/latex/graphics/graphicx.sty
Package: graphicx 2017/06/01 v1.1a Enhanced LaTeX Graphics (DPC,SPQR)
 (/usr/local/texlive/2018/texmf-dist/tex/latex/graphics/keyval.sty
Package: keyval 2014/10/28 v1.15 key=value parser (DPC)
\KV@toks@=\toks16
) (/usr/local/texlive/2018/texmf-dist/tex/latex/graphics/graphics.sty
Package: graphics 2017/06/25 v1.2c Standard LaTeX Graphics (DPC,SPQR)
 (/usr/local/texlive/2018/texmf-dist/tex/latex/graphics/trig.sty
Package: trig 2016/01/03 v1.10 sin cos tan (DPC)
) (/usr/local/texlive/2018/texmf-dist/tex/latex/graphics-cfg/graphics.cfg
File: graphics.cfg 2016/06/04 v1.11 sample graphics configuration
)
Package graphics Info: Driver file: pdftex.def on input line 99.
 (/usr/local/texlive/2018/texmf-dist/tex/latex/graphics-def/pdftex.def
File: pdftex.def 2018/01/08 v1.0l Graphics/color driver for pdftex
))
\Gin@req@height=\dimen103
\Gin@req@width=\dimen104
) (/usr/local/texlive/2018/texmf-dist/tex/generic/babel/babel.sty
Package: babel 2018/11/13 3.27 The Babel package
 (/usr/local/texlive/2018/texmf-dist/tex/generic/babel/switch.def
File: switch.def 2018/11/13 3.27 Babel switching mechanism
) (/usr/local/texlive/2018/texmf-dist/tex/generic/babel-english/UKenglish.ldf
Language: UKenglish 2017/06/06 v3.3r English support from the babel system
 (/usr/local/texlive/2018/texmf-dist/tex/generic/babel-english/english.ldf
Language: english 2017/06/06 v3.3r English support from the babel system
 (/usr/local/texlive/2018/texmf-dist/tex/generic/babel/babel.def
File: babel.def 2018/11/13 3.27 Babel common definitions
\babel@savecnt=\count88
\U@D=\dimen105
 (/usr/local/texlive/2018/texmf-dist/tex/generic/babel/txtbabel.def)
\bbl@dirlevel=\count89
)
\l@canadian = a dialect from \language\l@american 
\l@australian = a dialect from \language\l@british 
\l@newzealand = a dialect from \language\l@british 
))) (/usr/local/texlive/2018/texmf-dist/tex/latex/geometry/geometry.sty
Package: geometry 2018/04/16 v5.8 Page Geometry
 (/usr/local/texlive/2018/texmf-dist/tex/generic/oberdiek/ifpdf.sty
Package: ifpdf 2018/09/07 v3.3 Provides the ifpdf switch
) (/usr/local/texlive/2018/texmf-dist/tex/generic/oberdiek/ifvtex.sty
Package: ifvtex 2016/05/16 v1.6 Detect VTeX and its facilities (HO)
Package ifvtex Info: VTeX not detected.
) (/usr/local/texlive/2018/texmf-dist/tex/generic/ifxetex/ifxetex.sty
Package: ifxetex 2010/09/12 v0.6 Provides ifxetex conditional
)
\Gm@cnth=\count90
\Gm@cntv=\count91
\c@Gm@tempcnt=\count92
\Gm@bindingoffset=\dimen106
\Gm@wd@mp=\dimen107
\Gm@odd@mp=\dimen108
\Gm@even@mp=\dimen109
\Gm@layoutwidth=\dimen110
\Gm@layoutheight=\dimen111
\Gm@layouthoffset=\dimen112
\Gm@layoutvoffset=\dimen113
\Gm@dimlist=\toks17
) (/usr/local/texlive/2018/texmf-dist/tex/latex/natbib/natbib.sty
Package: natbib 2010/09/13 8.31b (PWD, AO)
\bibhang=\skip43
\bibsep=\skip44
LaTeX Info: Redefining \cite on input line 694.
\c@NAT@ctr=\count93
) (/usr/local/texlive/2018/texmf-dist/tex/latex/mathtools/mathtools.sty
Package: mathtools 2018/01/08 v1.21 mathematical typesetting tools
 (/usr/local/texlive/2018/texmf-dist/tex/latex/tools/calc.sty
Package: calc 2017/05/25 v4.3 Infix arithmetic (KKT,FJ)
\calc@Acount=\count94
\calc@Bcount=\count95
\calc@Adimen=\dimen114
\calc@Bdimen=\dimen115
\calc@Askip=\skip45
\calc@Bskip=\skip46
LaTeX Info: Redefining \setlength on input line 80.
LaTeX Info: Redefining \addtolength on input line 81.
\calc@Ccount=\count96
\calc@Cskip=\skip47
) (/usr/local/texlive/2018/texmf-dist/tex/latex/mathtools/mhsetup.sty
Package: mhsetup 2017/03/31 v1.3 programming setup (MH)
) (/usr/local/texlive/2018/texmf-dist/tex/latex/amsmath/amsmath.sty
Package: amsmath 2018/12/01 v2.17b AMS math features
\@mathmargin=\skip48

For additional information on amsmath, use the `?' option.
(/usr/local/texlive/2018/texmf-dist/tex/latex/amsmath/amstext.sty
Package: amstext 2000/06/29 v2.01 AMS text
 (/usr/local/texlive/2018/texmf-dist/tex/latex/amsmath/amsgen.sty
File: amsgen.sty 1999/11/30 v2.0 generic functions
\@emptytoks=\toks18
\ex@=\dimen116
)) (/usr/local/texlive/2018/texmf-dist/tex/latex/amsmath/amsbsy.sty
Package: amsbsy 1999/11/29 v1.2d Bold Symbols
\pmbraise@=\dimen117
) (/usr/local/texlive/2018/texmf-dist/tex/latex/amsmath/amsopn.sty
Package: amsopn 2016/03/08 v2.02 operator names
)
\inf@bad=\count97
LaTeX Info: Redefining \frac on input line 223.
\uproot@=\count98
\leftroot@=\count99
LaTeX Info: Redefining \overline on input line 385.
\classnum@=\count100
\DOTSCASE@=\count101
LaTeX Info: Redefining \ldots on input line 482.
LaTeX Info: Redefining \dots on input line 485.
LaTeX Info: Redefining \cdots on input line 606.
\Mathstrutbox@=\box27
\strutbox@=\box28
\big@size=\dimen118
LaTeX Font Info:    Redeclaring font encoding OML on input line 729.
LaTeX Font Info:    Redeclaring font encoding OMS on input line 730.
\macc@depth=\count102
\c@MaxMatrixCols=\count103
\dotsspace@=\muskip10
\c@parentequation=\count104
\dspbrk@lvl=\count105
\tag@help=\toks19
\row@=\count106
\column@=\count107
\maxfields@=\count108
\andhelp@=\toks20
\eqnshift@=\dimen119
\alignsep@=\dimen120
\tagshift@=\dimen121
\tagwidth@=\dimen122
\totwidth@=\dimen123
\lineht@=\dimen124
\@envbody=\toks21
\multlinegap=\skip49
\multlinetaggap=\skip50
\mathdisplay@stack=\toks22
LaTeX Info: Redefining \[ on input line 2844.
LaTeX Info: Redefining \] on input line 2845.
)
LaTeX Info: Thecontrolsequence`\('isalreadyrobust on input line 129.
LaTeX Info: Thecontrolsequence`\)'isalreadyrobust on input line 129.
LaTeX Info: Thecontrolsequence`\['isalreadyrobust on input line 129.
LaTeX Info: Thecontrolsequence`\]'isalreadyrobust on input line 129.
\g_MT_multlinerow_int=\count109
\l_MT_multwidth_dim=\dimen125
\origjot=\skip51
\l_MT_shortvdotswithinadjustabove_dim=\dimen126
\l_MT_shortvdotswithinadjustbelow_dim=\dimen127
\l_MT_above_intertext_sep=\dimen128
\l_MT_below_intertext_sep=\dimen129
\l_MT_above_shortintertext_sep=\dimen130
\l_MT_below_shortintertext_sep=\dimen131
) (/usr/local/texlive/2018/texmf-dist/tex/latex/siunitx/siunitx.sty (/usr/local/texlive/2018/texmf-dist/tex/latex/l3kernel/expl3.sty
Package: expl3 2019-01-28 L3 programming layer (loader) 
 (/usr/local/texlive/2018/texmf-dist/tex/latex/l3kernel/expl3-code.tex
Package: expl3 2019-01-28 L3 programming layer (code)
\c_max_int=\count110
\l_tmpa_int=\count111
\l_tmpb_int=\count112
\g_tmpa_int=\count113
\g_tmpb_int=\count114
\g__kernel_prg_map_int=\count115
\c_log_iow=\count116
\l_iow_line_count_int=\count117
\l__iow_line_target_int=\count118
\l__iow_one_indent_int=\count119
\l__iow_indent_int=\count120
\c_zero_dim=\dimen132
\c_max_dim=\dimen133
\l_tmpa_dim=\dimen134
\l_tmpb_dim=\dimen135
\g_tmpa_dim=\dimen136
\g_tmpb_dim=\dimen137
\c_zero_skip=\skip52
\c_max_skip=\skip53
\l_tmpa_skip=\skip54
\l_tmpb_skip=\skip55
\g_tmpa_skip=\skip56
\g_tmpb_skip=\skip57
\c_zero_muskip=\muskip11
\c_max_muskip=\muskip12
\l_tmpa_muskip=\muskip13
\l_tmpb_muskip=\muskip14
\g_tmpa_muskip=\muskip15
\g_tmpb_muskip=\muskip16
\l_keys_choice_int=\count121
\l__intarray_loop_int=\count122
\c__intarray_sp_dim=\dimen138
\g__intarray_font_int=\count123
\c__fp_leading_shift_int=\count124
\c__fp_middle_shift_int=\count125
\c__fp_trailing_shift_int=\count126
\c__fp_big_leading_shift_int=\count127
\c__fp_big_middle_shift_int=\count128
\c__fp_big_trailing_shift_int=\count129
\c__fp_Bigg_leading_shift_int=\count130
\c__fp_Bigg_middle_shift_int=\count131
\c__fp_Bigg_trailing_shift_int=\count132
\c__kernel_randint_max_int=\count133
\g__fp_array_int=\count134
\l__fp_array_loop_int=\count135
\l__sort_length_int=\count136
\l__sort_min_int=\count137
\l__sort_top_int=\count138
\l__sort_max_int=\count139
\l__sort_true_max_int=\count140
\l__sort_block_int=\count141
\l__sort_begin_int=\count142
\l__sort_end_int=\count143
\l__sort_A_int=\count144
\l__sort_B_int=\count145
\l__sort_C_int=\count146
\l__tl_analysis_normal_int=\count147
\l__tl_analysis_index_int=\count148
\l__tl_analysis_nesting_int=\count149
\l__tl_analysis_type_int=\count150
\l__regex_internal_a_int=\count151
\l__regex_internal_b_int=\count152
\l__regex_internal_c_int=\count153
\l__regex_balance_int=\count154
\l__regex_group_level_int=\count155
\l__regex_mode_int=\count156
\c__regex_cs_in_class_mode_int=\count157
\c__regex_cs_mode_int=\count158
\l__regex_catcodes_int=\count159
\l__regex_default_catcodes_int=\count160
\c__regex_catcode_D_int=\count161
\c__regex_catcode_S_int=\count162
\c__regex_catcode_L_int=\count163
\c__regex_catcode_O_int=\count164
\c__regex_catcode_A_int=\count165
\c__regex_all_catcodes_int=\count166
\l__regex_show_lines_int=\count167
\l__regex_min_state_int=\count168
\l__regex_max_state_int=\count169
\l__regex_left_state_int=\count170
\l__regex_right_state_int=\count171
\l__regex_capturing_group_int=\count172
\l__regex_min_pos_int=\count173
\l__regex_max_pos_int=\count174
\l__regex_curr_pos_int=\count175
\l__regex_start_pos_int=\count176
\l__regex_success_pos_int=\count177
\l__regex_curr_char_int=\count178
\l__regex_curr_catcode_int=\count179
\l__regex_last_char_int=\count180
\l__regex_case_changed_char_int=\count181
\l__regex_curr_state_int=\count182
\l__regex_step_int=\count183
\l__regex_min_active_int=\count184
\l__regex_max_active_int=\count185
\l__regex_replacement_csnames_int=\count186
\l__regex_match_count_int=\count187
\l__regex_min_submatch_int=\count188
\l__regex_submatch_int=\count189
\l__regex_zeroth_submatch_int=\count190
\g__regex_trace_regex_int=\count191
\c_empty_box=\box29
\l_tmpa_box=\box30
\l_tmpb_box=\box31
\g_tmpa_box=\box32
\g_tmpb_box=\box33
\l__box_top_dim=\dimen139
\l__box_bottom_dim=\dimen140
\l__box_left_dim=\dimen141
\l__box_right_dim=\dimen142
\l__box_top_new_dim=\dimen143
\l__box_bottom_new_dim=\dimen144
\l__box_left_new_dim=\dimen145
\l__box_right_new_dim=\dimen146
\l__box_internal_box=\box34
\l__coffin_internal_box=\box35
\l__coffin_internal_dim=\dimen147
\l__coffin_offset_x_dim=\dimen148
\l__coffin_offset_y_dim=\dimen149
\l__coffin_x_dim=\dimen150
\l__coffin_y_dim=\dimen151
\l__coffin_x_prime_dim=\dimen152
\l__coffin_y_prime_dim=\dimen153
\c_empty_coffin=\box36
\l__coffin_aligned_coffin=\box37
\l__coffin_aligned_internal_coffin=\box38
\l_tmpa_coffin=\box39
\l_tmpb_coffin=\box40
\g_tmpa_coffin=\box41
\g_tmpb_coffin=\box42
\c__coffin_empty_coffin=\box43
\l__coffin_display_coffin=\box44
\l__coffin_display_coord_coffin=\box45
\l__coffin_display_pole_coffin=\box46
\l__coffin_display_offset_dim=\dimen154
\l__coffin_display_x_dim=\dimen155
\l__coffin_display_y_dim=\dimen156
\g__file_internal_ior=\read1
\l__coffin_bounding_shift_dim=\dimen157
\l__coffin_left_corner_dim=\dimen158
\l__coffin_right_corner_dim=\dimen159
\l__coffin_bottom_corner_dim=\dimen160
\l__coffin_top_corner_dim=\dimen161
\l__coffin_scaled_total_height_dim=\dimen162
\l__coffin_scaled_width_dim=\dimen163
\l__seq_internal_a_int=\count192
\l__seq_internal_b_int=\count193
) (/usr/local/texlive/2018/texmf-dist/tex/latex/l3kernel/l3pdfmode.def
File: l3pdfmode.def 2019-01-28 v L3 Experimental driver: PDF mode
\l__driver_color_stack_int=\count194
)) (/usr/local/texlive/2018/texmf-dist/tex/latex/l3packages/xparse/xparse.sty
Package: xparse 2018-10-17 L3 Experimental document command parser
\l__xparse_current_arg_int=\count195
\g__xparse_grabber_int=\count196
\l__xparse_m_args_int=\count197
\l__xparse_mandatory_args_int=\count198
\l__xparse_v_nesting_int=\count199
)
Package: siunitx 2018/05/17 v2.7s A comprehensive (SI) units package
 (/usr/local/texlive/2018/texmf-dist/tex/latex/tools/array.sty
Package: array 2018/12/30 v2.4k Tabular extension package (FMi)
\col@sep=\dimen164
\ar@mcellbox=\box47
\extrarowheight=\dimen165
\NC@list=\toks23
\extratabsurround=\skip58
\backup@length=\skip59
\ar@cellbox=\box48
) (/usr/local/texlive/2018/texmf-dist/tex/latex/l3packages/l3keys2e/l3keys2e.sty
Package: l3keys2e 2018-10-17 LaTeX2e option processing using LaTeX3 keys
)
\l__siunitx_tmp_box=\box49
\l__siunitx_tmp_dim=\dimen166
\l__siunitx_tmp_int=\count266
\l__siunitx_number_mantissa_length_int=\count267
\l__siunitx_number_uncert_length_int=\count268
\l__siunitx_round_int=\count269
\l__siunitx_process_decimal_int=\count270
\l__siunitx_process_uncertainty_int=\count271
\l__siunitx_process_fixed_int=\count272
\l__siunitx_process_integer_min_int=\count273
\l__siunitx_process_precision_int=\count274
\l__siunitx_group_min_int=\count275
\l__siunitx_angle_marker_box=\box50
\l__siunitx_angle_unit_box=\box51
\l__siunitx_angle_marker_dim=\dimen167
\l__siunitx_angle_unit_dim=\dimen168
\l__siunitx_unit_int=\count276
\l__siunitx_unit_denominator_int=\count277
\l__siunitx_unit_numerator_int=\count278
\l__siunitx_unit_prefix_int=\count279
\l__siunitx_unit_prefix_base_int=\count280
\l__siunitx_unit_prefix_gram_int=\count281
\l__siunitx_number_product_int=\count282
\c__siunitx_one_fill_skip=\skip60
\l__siunitx_table_unit_align_skip=\skip61
\l__siunitx_table_exponent_dim=\dimen169
\l__siunitx_table_integer_dim=\dimen170
\l__siunitx_table_mantissa_dim=\dimen171
\l__siunitx_table_marker_dim=\dimen172
\l__siunitx_table_result_dim=\dimen173
\l__siunitx_table_uncert_dim=\dimen174
\l__siunitx_table_fill_pre_dim=\dimen175
\l__siunitx_table_fill_post_dim=\dimen176
\l__siunitx_table_fill_mid_dim=\dimen177
\l__siunitx_table_pre_box=\box52
\l__siunitx_table_post_box=\box53
\l__siunitx_table_mantissa_box=\box54
\l__siunitx_table_result_box=\box55
\l__siunitx_table_number_align_skip=\skip62
\l__siunitx_table_text_align_skip=\skip63
 (/usr/local/texlive/2018/texmf-dist/tex/latex/translator/translator.sty
Package: translator 2018/01/04 v1.12 Easy translation of strings in LaTeX
)) (/usr/local/texlive/2018/texmf-dist/tex/latex/url/url.sty
\Urlmuskip=\muskip17
Package: url 2013/09/16  ver 3.4  Verb mode for urls, etc.
) (/usr/local/texlive/2018/texmf-dist/tex/latex/listings/listings.sty
\lst@mode=\count283
\lst@gtempboxa=\box56
\lst@token=\toks24
\lst@length=\count284
\lst@currlwidth=\dimen178
\lst@column=\count285
\lst@pos=\count286
\lst@lostspace=\dimen179
\lst@width=\dimen180
\lst@newlines=\count287
\lst@lineno=\count288
\lst@maxwidth=\dimen181
 (/usr/local/texlive/2018/texmf-dist/tex/latex/listings/lstmisc.sty
File: lstmisc.sty 2018/09/02 1.7 (Carsten Heinz)
\c@lstnumber=\count289
\lst@skipnumbers=\count290
\lst@framebox=\box57
) (/usr/local/texlive/2018/texmf-dist/tex/latex/listings/listings.cfg
File: listings.cfg 2018/09/02 1.7 listings configuration
))
Package: listings 2018/09/02 1.7 (Carsten Heinz)
 (/usr/local/texlive/2018/texmf-dist/tex/latex/caption/caption.sty
Package: caption 2018/10/06 v3.3-154 Customizing captions (AR)
 (/usr/local/texlive/2018/texmf-dist/tex/latex/caption/caption3.sty
Package: caption3 2018/09/12 v1.8c caption3 kernel (AR)
Package caption3 Info: TeX engine: e-TeX on input line 64.
\captionmargin=\dimen182
\captionmargin@=\dimen183
\captionwidth=\dimen184
\caption@tempdima=\dimen185
\caption@indent=\dimen186
\caption@parindent=\dimen187
\caption@hangindent=\dimen188
)
\c@caption@flags=\count291
\c@ContinuedFloat=\count292
Package caption Info: listings package is loaded.
) (/usr/local/texlive/2018/texmf-dist/tex/latex/caption/subcaption.sty
Package: subcaption 2018/05/01 v1.1-162 Sub-captions (AR)
\c@subfigure=\count293
\c@subtable=\count294
) (/home/benjamin/Documents/University/Physics/Computer-Simulation/Orbital Motion - Checkpoint 5/Report/Solar.aux

LaTeX Warning: Label `tab:ParamUsed' multiply defined.

)
\openout1 = `Solar.aux'.

LaTeX Font Info:    Checking defaults for OML/cmm/m/it on input line 21.
LaTeX Font Info:    ... okay on input line 21.
LaTeX Font Info:    Checking defaults for T1/cmr/m/n on input line 21.
LaTeX Font Info:    ... okay on input line 21.
LaTeX Font Info:    Checking defaults for OT1/cmr/m/n on input line 21.
LaTeX Font Info:    ... okay on input line 21.
LaTeX Font Info:    Checking defaults for OMS/cmsy/m/n on input line 21.
LaTeX Font Info:    ... okay on input line 21.
LaTeX Font Info:    Checking defaults for OMX/cmex/m/n on input line 21.
LaTeX Font Info:    ... okay on input line 21.
LaTeX Font Info:    Checking defaults for U/cmr/m/n on input line 21.
LaTeX Font Info:    ... okay on input line 21.
 (/usr/local/texlive/2018/texmf-dist/tex/context/base/mkii/supp-pdf.mkii
[Loading MPS to PDF converter (version 2006.09.02).]
\scratchcounter=\count295
\scratchdimen=\dimen189
\scratchbox=\box58
\nofMPsegments=\count296
\nofMParguments=\count297
\everyMPshowfont=\toks25
\MPscratchCnt=\count298
\MPscratchDim=\dimen190
\MPnumerator=\count299
\makeMPintoPDFobject=\count300
\everyMPtoPDFconversion=\toks26
) (/usr/local/texlive/2018/texmf-dist/tex/latex/oberdiek/epstopdf-base.sty
Package: epstopdf-base 2016/05/15 v2.6 Base part for package epstopdf
 (/usr/local/texlive/2018/texmf-dist/tex/generic/oberdiek/infwarerr.sty
Package: infwarerr 2016/05/16 v1.4 Providing info/warning/error messages (HO)
) (/usr/local/texlive/2018/texmf-dist/tex/latex/oberdiek/grfext.sty
Package: grfext 2016/05/16 v1.2 Manage graphics extensions (HO)
 (/usr/local/texlive/2018/texmf-dist/tex/generic/oberdiek/kvdefinekeys.sty
Package: kvdefinekeys 2016/05/16 v1.4 Define keys (HO)
 (/usr/local/texlive/2018/texmf-dist/tex/generic/oberdiek/ltxcmds.sty
Package: ltxcmds 2016/05/16 v1.23 LaTeX kernel commands for general use (HO)
))) (/usr/local/texlive/2018/texmf-dist/tex/latex/oberdiek/kvoptions.sty
Package: kvoptions 2016/05/16 v3.12 Key value format for package options (HO)
 (/usr/local/texlive/2018/texmf-dist/tex/generic/oberdiek/kvsetkeys.sty
Package: kvsetkeys 2016/05/16 v1.17 Key value parser (HO)
 (/usr/local/texlive/2018/texmf-dist/tex/generic/oberdiek/etexcmds.sty
Package: etexcmds 2016/05/16 v1.6 Avoid name clashes with e-TeX commands (HO)
 (/usr/local/texlive/2018/texmf-dist/tex/generic/oberdiek/ifluatex.sty
Package: ifluatex 2016/05/16 v1.4 Provides the ifluatex switch (HO)
Package ifluatex Info: LuaTeX not detected.
)
Package etexcmds Info: Could not find \expanded.
(etexcmds)             That can mean that you are not using pdfTeX 1.50 or
(etexcmds)             that some package has redefined \expanded.
(etexcmds)             In the latter case, load this package earlier.
))) (/usr/local/texlive/2018/texmf-dist/tex/generic/oberdiek/pdftexcmds.sty
Package: pdftexcmds 2018/09/10 v0.29 Utility functions of pdfTeX for LuaTeX (HO)
Package pdftexcmds Info: LuaTeX not detected.
Package pdftexcmds Info: \pdf@primitive is available.
Package pdftexcmds Info: \pdf@ifprimitive is available.
Package pdftexcmds Info: \pdfdraftmode found.
)
Package epstopdf-base Info: Redefining graphics rule for `.eps' on input line 438.
Package grfext Info: Graphics extension search list:
(grfext)             [.pdf,.png,.jpg,.mps,.jpeg,.jbig2,.jb2,.PDF,.PNG,.JPG,.JPEG,.JBIG2,.JB2,.eps]
(grfext)             \AppendGraphicsExtensions on input line 456.
 (/usr/local/texlive/2018/texmf-dist/tex/latex/latexconfig/epstopdf-sys.cfg
File: epstopdf-sys.cfg 2010/07/13 v1.3 Configuration of (r)epstopdf for TeX Live
))
*geometry* driver: auto-detecting
*geometry* detected driver: pdftex
*geometry* verbose mode - [ preamble ] result:
* driver: pdftex
* paper: <default>
* layout: <same size as paper>
* layoutoffset:(h,v)=(0.0pt,0.0pt)
* modes: 
* h-part:(L,W,R)=(72.26999pt, 469.75502pt, 72.26999pt)
* v-part:(T,H,B)=(72.26999pt, 650.43001pt, 72.26999pt)
* \paperwidth=614.295pt
* \paperheight=794.96999pt
* \textwidth=469.75502pt
* \textheight=650.43001pt
* \oddsidemargin=0.0pt
* \evensidemargin=0.0pt
* \topmargin=-37.0pt
* \headheight=12.0pt
* \headsep=25.0pt
* \topskip=10.0pt
* \footskip=30.0pt
* \marginparwidth=65.0pt
* \marginparsep=11.0pt
* \columnsep=10.0pt
* \skip\footins=9.0pt plus 4.0pt minus 2.0pt
* \hoffset=0.0pt
* \voffset=0.0pt
* \mag=1000
* \@twocolumnfalse
* \@twosidefalse
* \@mparswitchfalse
* \@reversemarginfalse
* (1in=72.27pt=25.4mm, 1cm=28.453pt)

Now handling font encoding TS1 ...
... processing UTF-8 mapping file for font encoding TS1
(/usr/local/texlive/2018/texmf-dist/tex/latex/base/ts1enc.dfu
File: ts1enc.dfu 2018/10/05 v1.2f UTF-8 support for inputenc
   defining Unicode char U+00A2 (decimal 162)
   defining Unicode char U+00A3 (decimal 163)
   defining Unicode char U+00A4 (decimal 164)
   defining Unicode char U+00A5 (decimal 165)
   defining Unicode char U+00A6 (decimal 166)
   defining Unicode char U+00A7 (decimal 167)
   defining Unicode char U+00A8 (decimal 168)
   defining Unicode char U+00A9 (decimal 169)
   defining Unicode char U+00AA (decimal 170)
   defining Unicode char U+00AC (decimal 172)
   defining Unicode char U+00AE (decimal 174)
   defining Unicode char U+00AF (decimal 175)
   defining Unicode char U+00B0 (decimal 176)
   defining Unicode char U+00B1 (decimal 177)
   defining Unicode char U+00B2 (decimal 178)
   defining Unicode char U+00B3 (decimal 179)
   defining Unicode char U+00B4 (decimal 180)
   defining Unicode char U+00B5 (decimal 181)
   defining Unicode char U+00B6 (decimal 182)
   defining Unicode char U+00B7 (decimal 183)
   defining Unicode char U+00B9 (decimal 185)
   defining Unicode char U+00BA (decimal 186)
   defining Unicode char U+00BC (decimal 188)
   defining Unicode char U+00BD (decimal 189)
   defining Unicode char U+00BE (decimal 190)
   defining Unicode char U+00D7 (decimal 215)
   defining Unicode char U+00F7 (decimal 247)
   defining Unicode char U+0192 (decimal 402)
   defining Unicode char U+02C7 (decimal 711)
   defining Unicode char U+02D8 (decimal 728)
   defining Unicode char U+02DD (decimal 733)
   defining Unicode char U+0E3F (decimal 3647)
   defining Unicode char U+2016 (decimal 8214)
   defining Unicode char U+2020 (decimal 8224)
   defining Unicode char U+2021 (decimal 8225)
   defining Unicode char U+2022 (decimal 8226)
   defining Unicode char U+2030 (decimal 8240)
   defining Unicode char U+2031 (decimal 8241)
   defining Unicode char U+203B (decimal 8251)
   defining Unicode char U+203D (decimal 8253)
   defining Unicode char U+2044 (decimal 8260)
   defining Unicode char U+204E (decimal 8270)
   defining Unicode char U+2052 (decimal 8274)
   defining Unicode char U+20A1 (decimal 8353)
   defining Unicode char U+20A4 (decimal 8356)
   defining Unicode char U+20A6 (decimal 8358)
   defining Unicode char U+20A9 (decimal 8361)
   defining Unicode char U+20AB (decimal 8363)
   defining Unicode char U+20AC (decimal 8364)
   defining Unicode char U+20B1 (decimal 8369)
   defining Unicode char U+2103 (decimal 8451)
   defining Unicode char U+2116 (decimal 8470)
   defining Unicode char U+2117 (decimal 8471)
   defining Unicode char U+211E (decimal 8478)
   defining Unicode char U+2120 (decimal 8480)
   defining Unicode char U+2122 (decimal 8482)
   defining Unicode char U+2126 (decimal 8486)
   defining Unicode char U+2127 (decimal 8487)
   defining Unicode char U+212E (decimal 8494)
   defining Unicode char U+2190 (decimal 8592)
   defining Unicode char U+2191 (decimal 8593)
   defining Unicode char U+2192 (decimal 8594)
   defining Unicode char U+2193 (decimal 8595)
   defining Unicode char U+2329 (decimal 9001)
   defining Unicode char U+232A (decimal 9002)
   defining Unicode char U+2422 (decimal 9250)
   defining Unicode char U+25E6 (decimal 9702)
   defining Unicode char U+25EF (decimal 9711)
   defining Unicode char U+266A (decimal 9834)
   defining Unicode char U+FEFF (decimal 65279)
) (/usr/local/texlive/2018/texmf-dist/tex/latex/translator/translator-basic-dictionary-English.dict
Dictionary: translator-basic-dictionary, Language: English 
) (/usr/local/texlive/2018/texmf-dist/tex/latex/siunitx/siunitx-abbreviations.cfg
File: siunitx-abbreviations.cfg 2017/11/26 v2.7k siunitx: Abbreviated units
)
\c@lstlisting=\count301
Package caption Info: Begin \AtBeginDocument code.
Package caption Info: End \AtBeginDocument code.
 [0

{/usr/local/texlive/2018/texmf-var/fonts/map/pdftex/updmap/pdftex.map}] (/home/benjamin/Documents/University/Physics/Computer-Simulation/Orbital Motion - Checkpoint 5/Report/Solar.toc)
\tf@toc=\write3
\openout3 = `Solar.toc'.

 [1]
<Figures/GravitationalForce.png, id=14, 207.6558pt x 108.8868pt>
File: Figures/GravitationalForce.png Graphic file (type png)
<use Figures/GravitationalForce.png>
Package pdftex.def Info: Figures/GravitationalForce.png  used on input line 62.
(pdftex.def)             Requested size: 207.65529pt x 108.8865pt.
 [1

 </home/benjamin/Documents/University/Physics/Computer-Simulation/Orbital Motion - Checkpoint 5/Report/Figures/GravitationalForce.png (PNG copy)>]
<Figures/classDiagram.png, id=23, 280.04625pt x 762.85pt>
File: Figures/classDiagram.png Graphic file (type png)
<use Figures/classDiagram.png>
Package pdftex.def Info: Figures/classDiagram.png  used on input line 126.
(pdftex.def)             Requested size: 140.92793pt x 383.90341pt.
 [2 </home/benjamin/Documents/University/Physics/Computer-Simulation/Orbital Motion - Checkpoint 5/Report/Figures/classDiagram.png (PNG copy)>]
<Figures/AccelerationAlgorithm.png, id=28, 327.2225pt x 692.5875pt>
File: Figures/AccelerationAlgorithm.png Graphic file (type png)
<use Figures/AccelerationAlgorithm.png>
Package pdftex.def Info: Figures/AccelerationAlgorithm.png  used on input line 159.
(pdftex.def)             Requested size: 140.92793pt x 298.28238pt.
 [3 </home/benjamin/Documents/University/Physics/Computer-Simulation/Orbital Motion - Checkpoint 5/Report/Figures/AccelerationAlgorithm.png (PNG copy)>]
<Figures/InnerPlanetsWhereCopyIsNotUsed.png, id=32, 914.41624pt x 703.62875pt>
File: Figures/InnerPlanetsWhereCopyIsNotUsed.png Graphic file (type png)
<use Figures/InnerPlanetsWhereCopyIsNotUsed.png>
Package pdftex.def Info: Figures/InnerPlanetsWhereCopyIsNotUsed.png  used on input line 181.
(pdftex.def)             Requested size: 234.8775pt x 180.72743pt.
<Figures/InnerPlanetsWhereCopyIsUsed.png, id=34, 882.29625pt x 699.61375pt>
File: Figures/InnerPlanetsWhereCopyIsUsed.png Graphic file (type png)
<use Figures/InnerPlanetsWhereCopyIsUsed.png>
Package pdftex.def Info: Figures/InnerPlanetsWhereCopyIsUsed.png  used on input line 187.
(pdftex.def)             Requested size: 234.8775pt x 186.2401pt.
 [4 </home/benjamin/Documents/University/Physics/Computer-Simulation/Orbital Motion - Checkpoint 5/Report/Figures/InnerPlanetsWhereCopyIsNotUsed.png> </home/benjamin/Documents/University/Physics/Computer-Simulation/Orbital Motion - Checkpoint 5/Report/Figures/InnerPlanetsWhereCopyIsUsed.png>] [5] [6]
<Figures/PreMercuryCompleteOrbit.png, id=48, 576.1525pt x 455.7025pt>
File: Figures/PreMercuryCompleteOrbit.png Graphic file (type png)
<use Figures/PreMercuryCompleteOrbit.png>
Package pdftex.def Info: Figures/PreMercuryCompleteOrbit.png  used on input line 334.
(pdftex.def)             Requested size: 211.3883pt x 167.19572pt.
<Figures/AnimatedExample1.png, id=49, 1240.635pt x 891.33pt>
File: Figures/AnimatedExample1.png Graphic file (type png)
<use Figures/AnimatedExample1.png>
Package pdftex.def Info: Figures/AnimatedExample1.png  used on input line 342.
(pdftex.def)             Requested size: 234.8775pt x 168.74243pt.
<Figures/RatiosToRealValues.png, id=50, 487.8225pt x 161.60374pt>
File: Figures/RatiosToRealValues.png Graphic file (type png)
<use Figures/RatiosToRealValues.png>
Package pdftex.def Info: Figures/RatiosToRealValues.png  used on input line 358.
(pdftex.def)             Requested size: 234.8775pt x 77.81056pt.
 [7 </home/benjamin/Documents/University/Physics/Computer-Simulation/Orbital Motion - Checkpoint 5/Report/Figures/PreMercuryCompleteOrbit.png> </home/benjamin/Documents/University/Physics/Computer-Simulation/Orbital Motion - Checkpoint 5/Report/Figures/AnimatedExample1.png> </home/benjamin/Documents/University/Physics/Computer-Simulation/Orbital Motion - Checkpoint 5/Report/Figures/RatiosToRealValues.png>]
<Figures/ConstEnergy/ConstEnergyPROGOUT.png, id=57, 462.528pt x 346.896pt>
File: Figures/ConstEnergy/ConstEnergyPROGOUT.png Graphic file (type png)
<use Figures/ConstEnergy/ConstEnergyPROGOUT.png>
Package pdftex.def Info: Figures/ConstEnergy/ConstEnergyPROGOUT.png  used on input line 374.
(pdftex.def)             Requested size: 234.8775pt x 176.15768pt.
 [8 </home/benjamin/Documents/University/Physics/Computer-Simulation/Orbital Motion - Checkpoint 5/Report/Figures/ConstEnergy/ConstEnergyPROGOUT.png>]
<"Figures/ConstEnergy/Const energy Uncertainty".PNG, id=62, 444.91219pt x 280.79906pt>
File: "Figures/ConstEnergy/Const energy Uncertainty".PNG Graphic file (type png)
<use "Figures/ConstEnergy/Const energy Uncertainty".PNG>
Package pdftex.def Info: "Figures/ConstEnergy/Const energy Uncertainty".PNG  used on input line 396.
(pdftex.def)             Requested size: 176.15813pt x 111.17792pt.
<"Figures/ConstEnergy/Const energy No Uncertainty".PNG, id=63, 476.53032pt x 294.34969pt>
File: "Figures/ConstEnergy/Const energy No Uncertainty".PNG Graphic file (type png)
<use "Figures/ConstEnergy/Const energy No Uncertainty".PNG>
Package pdftex.def Info: "Figures/ConstEnergy/Const energy No Uncertainty".PNG  used on input line 402.
(pdftex.def)             Requested size: 176.15813pt x 108.81335pt.
<Figures/ConstEnergy/ConstEnergy20yrs.png, id=64, 602.25pt x 372.39125pt>
File: Figures/ConstEnergy/ConstEnergy20yrs.png Graphic file (type png)
<use Figures/ConstEnergy/ConstEnergy20yrs.png>
Package pdftex.def Info: Figures/ConstEnergy/ConstEnergy20yrs.png  used on input line 408.
(pdftex.def)             Requested size: 176.15813pt x 108.92258pt.
 [9 </home/benjamin/Documents/University/Physics/Computer-Simulation/Orbital Motion - Checkpoint 5/Report/Figures/ConstEnergy/Const energy Uncertainty.PNG> </home/benjamin/Documents/University/Physics/Computer-Simulation/Orbital Motion - Checkpoint 5/Report/Figures/ConstEnergy/Const energy No Uncertainty.PNG> </home/benjamin/Documents/University/Physics/Computer-Simulation/Orbital Motion - Checkpoint 5/Report/Figures/ConstEnergy/ConstEnergy20yrs.png>]
<"Figures/ProbePathData/Data Set 1/initalXVelocityResults".png, id=71, 602.25pt x 372.39125pt>
File: "Figures/ProbePathData/Data Set 1/initalXVelocityResults".png Graphic file (type png)
<use "Figures/ProbePathData/Data Set 1/initalXVelocityResults".png>
Package pdftex.def Info: "Figures/ProbePathData/Data Set 1/initalXVelocityResults".png  used on input line 432.
(pdftex.def)             Requested size: 187.90271pt x 116.18446pt.
<"Figures/ProbePathData/Data Set 1/initalYVelocityResults".png, id=72, 602.25pt x 372.39125pt>
File: "Figures/ProbePathData/Data Set 1/initalYVelocityResults".png Graphic file (type png)
<use "Figures/ProbePathData/Data Set 1/initalYVelocityResults".png>
Package pdftex.def Info: "Figures/ProbePathData/Data Set 1/initalYVelocityResults".png  used on input line 438.
(pdftex.def)             Requested size: 187.90271pt x 116.18446pt.
<"Figures/ProbePathData/Data Set 1/initalLatitudeResults".png, id=73, 602.25pt x 372.39125pt>
File: "Figures/ProbePathData/Data Set 1/initalLatitudeResults".png Graphic file (type png)
<use "Figures/ProbePathData/Data Set 1/initalLatitudeResults".png>
Package pdftex.def Info: "Figures/ProbePathData/Data Set 1/initalLatitudeResults".png  used on input line 444.
(pdftex.def)             Requested size: 234.8775pt x 145.232pt.
 [10 </home/benjamin/Documents/University/Physics/Computer-Simulation/Orbital Motion - Checkpoint 5/Report/Figures/ProbePathData/Data Set 1/initalXVelocityResults.png> </home/benjamin/Documents/University/Physics/Computer-Simulation/Orbital Motion - Checkpoint 5/Report/Figures/ProbePathData/Data Set 1/initalYVelocityResults.png> </home/benjamin/Documents/University/Physics/Computer-Simulation/Orbital Motion - Checkpoint 5/Report/Figures/ProbePathData/Data Set 1/initalLatitudeResults.png>]
<"Figures/ProbePathData/Launch x velocity vs Closest Distance (1)".png, id=80, 602.25pt x 372.39125pt>
File: "Figures/ProbePathData/Launch x velocity vs Closest Distance (1)".png Graphic file (type png)
<use "Figures/ProbePathData/Launch x velocity vs Closest Distance (1)".png>
Package pdftex.def Info: "Figures/ProbePathData/Launch x velocity vs Closest Distance (1)".png  used on input line 463.
(pdftex.def)             Requested size: 150.31987pt x 92.94984pt.
<"Figures/ProbePathData/Launch Y Velocity vs Closest Distance (2)".png, id=81, 602.25pt x 372.39125pt>
File: "Figures/ProbePathData/Launch Y Velocity vs Closest Distance (2)".png Graphic file (type png)
<use "Figures/ProbePathData/Launch Y Velocity vs Closest Distance (2)".png>
Package pdftex.def Info: "Figures/ProbePathData/Launch Y Velocity vs Closest Distance (2)".png  used on input line 469.
(pdftex.def)             Requested size: 150.31987pt x 92.94984pt.
<"Figures/ProbePathData/Launch Latitude vs Closest distance to Mars (2)".png, id=82, 602.25pt x 372.39125pt>
File: "Figures/ProbePathData/Launch Latitude vs Closest distance to Mars (2)".png Graphic file (type png)
<use "Figures/ProbePathData/Launch Latitude vs Closest distance to Mars (2)".png>
Package pdftex.def Info: "Figures/ProbePathData/Launch Latitude vs Closest distance to Mars (2)".png  used on input line 474.
(pdftex.def)             Requested size: 225.48555pt x 139.42476pt.
 [11 </home/benjamin/Documents/University/Physics/Computer-Simulation/Orbital Motion - Checkpoint 5/Report/Figures/ProbePathData/Launch X Velocity vs Closest Distance (1).png> </home/benjamin/Documents/University/Physics/Computer-Simulation/Orbital Motion - Checkpoint 5/Report/Figures/ProbePathData/Launch Y Velocity vs Closest Distance (2).png> </home/benjamin/Documents/University/Physics/Computer-Simulation/Orbital Motion - Checkpoint 5/Report/Figures/ProbePathData/Launch Latitude vs Closest distance to Mars (2).png>]
<Figures/ProbePathVisulisation.png, id=92, 919.435pt x 676.5275pt>
File: Figures/ProbePathVisulisation.png Graphic file (type png)
<use Figures/ProbePathVisulisation.png>
Package pdftex.def Info: Figures/ProbePathVisulisation.png  used on input line 524.
(pdftex.def)             Requested size: 234.8775pt x 172.81674pt.
 [12 </home/benjamin/Documents/University/Physics/Computer-Simulation/Orbital Motion - Checkpoint 5/Report/Figures/ProbePathVisulisation.png>] [13] (/home/benjamin/Documents/University/Physics/Computer-Simulation/Orbital Motion - Checkpoint 5/Report/Solar.bbl
Underfull \hbox (badness 10000) in paragraph at lines 13--17
[]\OT1/cmr/m/n/10 Khan Academy.  Grav-it-a-tional at-trac-tion.  $\OT1/cmtt/m/n/10 "https : / / www . khanacademy . org / computing /
 []


Underfull \hbox (badness 10000) in paragraph at lines 13--17
\OT1/cmtt/m/n/10 computer-[]programming / programming-[]natural-[]simulations / programming-[]forces / a /
 []


Underfull \hbox (badness 10000) in paragraph at lines 39--43
[]\OT1/cmr/m/n/10 NASA.  Mars facts.  $\OT1/cmtt/m/n/10 "https : / / mars . nasa . gov / allaboutmars / facts / # ? c = inspace & s =
 []


Underfull \hbox (badness 10000) in paragraph at lines 45--49
[]\OT1/cmr/m/n/10 NASA.  Vik-ing mis-sion over-view, 2017.  $\OT1/cmtt/m/n/10 "https : / / www . nasa . gov / redplanet / viking .
 []

) [14]
<"Figures/ConstEnergy/Const Energy Copy".PNG, id=104, 575.90157pt x 359.09157pt>
File: "Figures/ConstEnergy/Const Energy Copy".PNG Graphic file (type png)
<use "Figures/ConstEnergy/Const Energy Copy".PNG>
Package pdftex.def Info: "Figures/ConstEnergy/Const Energy Copy".PNG  used on input line 570.
(pdftex.def)             Requested size: 234.8775pt x 146.45042pt.
 [15 </home/benjamin/Documents/University/Physics/Computer-Simulation/Orbital Motion - Checkpoint 5/Report/Figures/ConstEnergy/Const Energy Copy.PNG>] (/home/benjamin/Documents/University/Physics/Computer-Simulation/Orbital Motion - Checkpoint 5/Report/Solar.aux)

LaTeX Warning: There were multiply-defined labels.

 ) 
Here is how much of TeX's memory you used:
 18562 strings out of 492616
 356959 string characters out of 6128968
 396631 words of memory out of 5000000
 22304 multiletter control sequences out of 15000+600000
 543117 words of font info for 64 fonts, out of 8000000 for 9000
 1141 hyphenation exceptions out of 8191
 41i,19n,63p,421b,992s stack positions out of 5000i,500n,10000p,200000b,80000s
</usr/local/texlive/2018/texmf-dist/fonts/type1/public/amsfonts/cm/cmbx10.pfb></usr/local/texlive/2018/texmf-dist/fonts/type1/public/amsfonts/cm/cmbx12.pfb></usr/local/texlive/2018/texmf-dist/fonts/type1/public/amsfonts/cm/cmmi10.pfb></usr/local/texlive/2018/texmf-dist/fonts/type1/public/amsfonts/cm/cmmi7.pfb></usr/local/texlive/2018/texmf-dist/fonts/type1/public/amsfonts/cm/cmr10.pfb></usr/local/texlive/2018/texmf-dist/fonts/type1/public/amsfonts/cm/cmr12.pfb></usr/local/texlive/2018/texmf-dist/fonts/type1/public/amsfonts/cm/cmr17.pfb></usr/local/texlive/2018/texmf-dist/fonts/type1/public/amsfonts/cm/cmr6.pfb></usr/local/texlive/2018/texmf-dist/fonts/type1/public/amsfonts/cm/cmr7.pfb></usr/local/texlive/2018/texmf-dist/fonts/type1/public/amsfonts/cm/cmr9.pfb></usr/local/texlive/2018/texmf-dist/fonts/type1/public/amsfonts/cm/cmsy10.pfb></usr/local/texlive/2018/texmf-dist/fonts/type1/public/amsfonts/cm/cmsy6.pfb></usr/local/texlive/2018/texmf-dist/fonts/type1/public/amsfonts/cm/cmsy7.pfb></usr/local/texlive/2018/texmf-dist/fonts/type1/public/amsfonts/cm/cmti10.pfb></usr/local/texlive/2018/texmf-dist/fonts/type1/public/amsfonts/cm/cmtt10.pfb>
Output written on "/home/benjamin/Documents/University/Physics/Computer-Simulation/Orbital Motion - Checkpoint 5/Report/Solar.pdf" (17 pages, 1275987 bytes).
PDF statistics:
 157 PDF objects out of 1000 (max. 8388607)
 85 compressed objects within 1 object stream
 0 named destinations out of 1000 (max. 500000)
 101 words of extra memory for PDF output out of 10000 (max. 10000000)

